已评测 200/3000 张图片
已评测 400/3000 张图片
已评测 600/3000 张图片
已评测 800/3000 张图片
已评测 1000/3000 张图片
已评测 1200/3000 张图片
已评测 1400/3000 张图片
已评测 1600/3000 张图片
已评测 1800/3000 张图片
已评测 2000/3000 张图片
已评测 2200/3000 张图片
已评测 2400/3000 张图片
已评测 2600/3000 张图片
已评测 2800/3000 张图片
已评测 3000/3000 张图片

验收评测完成
总图片数: 3000
检测成功率: 1.0
整牌识别准确率: 0.9933
平均字符准确率: 0.9988
平均定位相对误差: 0.0344
定位误差<=10%占比: 0.993
平均总耗时(ms): 39.09
P95总耗时(ms): 49.95
1秒内完成占比: 1.0
详情文件: E:\11xuexi\sx1\2gd\9\Sampling_of_CCPD_files\acceptance_results\acceptance_details.csv
汇总文件: E:\11xuexi\sx1\2gd\9\Sampling_of_CCPD_files\acceptance_results\acceptance_summary.json
